2022-11-03:05:16:36,327 INFO     [psi4.driver.task_planner:266] PLANNING Atomic:  keywords={'OPT_COORDINATES': 'BOTH', 'function_kwargs': {}}
2022-11-03:05:16:36,330 INFO     [psi4.driver.driver:617] Compute gradient(): method=scf, basis=def2-msvp, molecule=default, nre=754.2171077135667
2022-11-03:05:16:45,827 INFO     [psi4.driver.driver:620] Return gradient(): -2778.1289811281467
2022-11-03:05:16:45,828 INFO     [psi4.driver.driver:621] [[ 0.00018568 -0.00007227 -0.00008182]
 [ 0.0000937   0.00012404 -0.00001704]
 [ 0.00005036 -0.00002462  0.00001401]
 [-0.00002916  0.00006206  0.0000112 ]
 [-0.00008893 -0.0000464   0.00000153]
 [ 0.0000319   0.0000936  -0.00000985]
 [-0.00007599 -0.00006721  0.00004003]
 [-0.00031161 -0.00001866  0.00013206]
 [ 0.00006404 -0.00001    -0.0000032 ]
 [ 0.00006414  0.00003765 -0.00002128]
 [ 0.00005172 -0.00004694 -0.00004705]
 [ 0.00007564 -0.00003946 -0.00001587]
 [-0.00004243  0.00007864  0.00002248]
 [ 0.00004905 -0.00000557  0.00000516]
 [-0.00001024  0.00001193  0.00000113]
 [-0.00001147 -0.00008205  0.00000362]
 [-0.00005902 -0.00000549  0.00000685]
 [-0.00003738  0.00001074 -0.00004195]]
